::1 - - [16/Oct/2025:04:51:29 +0000] "GET /api/users/register HTTP/1.1" 404 157
::1 - - [16/Oct/2025:04:51:38 +0000] "POST /api/users/register HTTP/1.1" 400 116
::1 - - [16/Oct/2025:04:53:06 +0000] "POST /api/users/register HTTP/1.1" 201 160
::1 - - [16/Oct/2025:04:54:34 +0000] "POST /api/users/login HTTP/1.1" 500 1298
::1 - - [16/Oct/2025:04:54:55 +0000] "POST /api/users/login HTTP/1.1" 200 188
::1 - - [16/Oct/2025:04:56:46 +0000] "GET /api/users/account HTTP/1.1" 401 25
::1 - - [16/Oct/2025:04:57:00 +0000] "GET /api/users/account HTTP/1.1" 200 86
::1 - - [17/Oct/2025:04:07:53 +0000] "GET /api/users/account HTTP/1.1" 200 86
::1 - - [17/Oct/2025:04:11:35 +0000] "POST /api/notes HTTP/1.1" 201 135
::1 - - [17/Oct/2025:04:13:03 +0000] "GET /api/notes HTTP/1.1" 200 137
::1 - - [18/Oct/2025:06:59:20 +0000] "POST /api/notes/register HTTP/1.1" 404 158
::1 - - [18/Oct/2025:07:00:09 +0000] "POST /api/users/register HTTP/1.1" 400 31
::1 - - [18/Oct/2025:07:00:18 +0000] "POST /api/users/register HTTP/1.1" 201 161
::1 - - [18/Oct/2025:07:00:31 +0000] "POST /api/users/register HTTP/1.1" 201 161
::1 - - [18/Oct/2025:07:00:41 +0000] "POST /api/users/register HTTP/1.1" 201 161
::1 - - [18/Oct/2025:07:00:57 +0000] "POST /api/users/login HTTP/1.1" 200 188
::1 - - [18/Oct/2025:07:01:21 +0000] "GET /api/users/account HTTP/1.1" 200 86
::1 - - [18/Oct/2025:07:01:31 +0000] "GET /api/users/account HTTP/1.1" 200 86
::1 - - [18/Oct/2025:07:01:44 +0000] "GET /api/users/account HTTP/1.1" 200 86
::1 - - [18/Oct/2025:07:01:57 +0000] "POST /api/users/login HTTP/1.1" 200 188
::1 - - [18/Oct/2025:07:02:10 +0000] "GET /api/users/account HTTP/1.1" 200 86
::1 - - [18/Oct/2025:07:02:11 +0000] "GET /api/users/account HTTP/1.1" 200 86
::1 - - [18/Oct/2025:07:03:06 +0000] "GET /api/users/account HTTP/1.1" 200 87
::1 - - [18/Oct/2025:07:03:20 +0000] "POST /api/users/login HTTP/1.1" 200 188
::1 - - [18/Oct/2025:07:03:48 +0000] "GET /api/users/account HTTP/1.1" 401 25
::1 - - [18/Oct/2025:07:03:58 +0000] "GET /api/users/account HTTP/1.1" 200 87
::1 - - [18/Oct/2025:07:11:30 +0000] "POST /api/notes/ HTTP/1.1" 201 168
::1 - - [18/Oct/2025:07:12:18 +0000] "POST /api/users/login HTTP/1.1" 200 188
::1 - - [18/Oct/2025:07:13:06 +0000] "POST /api/notes/ HTTP/1.1" 201 182
::1 - - [18/Oct/2025:07:13:47 +0000] "POST /api/notes/ HTTP/1.1" 201 175
::1 - - [18/Oct/2025:07:19:26 +0000] "GET /api/notes/68f33e2bcbb3da24f3fd5f5a HTTP/1.1" 404 2
::1 - - [18/Oct/2025:07:21:18 +0000] "GET /api/notes/68f33e2bcbb3da24f3fd5f5a HTTP/1.1" 404 2
::1 - - [18/Oct/2025:07:22:13 +0000] "GET /api/notes/68f33e2bcbb3da24f3fd5f5a HTTP/1.1" 404 2
::1 - - [18/Oct/2025:07:22:35 +0000] "GET /api/notes/68f33e2bcbb3da24f3fd5f5a HTTP/1.1" 404 2
::1 - - [18/Oct/2025:07:23:21 +0000] "POST /api/users/login HTTP/1.1" 200 188
::1 - - [18/Oct/2025:07:23:52 +0000] "GET /api/users/account HTTP/1.1" 200 87
::1 - - [18/Oct/2025:07:24:40 +0000] "GET /api/users/account HTTP/1.1" 200 87
::1 - - [18/Oct/2025:07:25:24 +0000] "POST /api/notes/ HTTP/1.1" 201 170
::1 - - [18/Oct/2025:07:26:56 +0000] "GET /api/notes/68f340e4cbb3da24f3fd5f63 HTTP/1.1" 404 2
::1 - - [18/Oct/2025:07:31:58 +0000] "POST /api/users/login HTTP/1.1" 200 188
::1 - - [18/Oct/2025:07:32:38 +0000] "POST /api/notes HTTP/1.1" 201 170
::1 - - [18/Oct/2025:07:32:56 +0000] "GET /api/notes HTTP/1.1" 200 172
::1 - - [18/Oct/2025:07:33:34 +0000] "GET /api/notes/68f34296cbb3da24f3fd5f67 HTTP/1.1" 404 2
::1 - - [18/Oct/2025:07:35:02 +0000] "GET /api/notes/68f33b02cbb3da24f3fd5f43 HTTP/1.1" 404 2
::1 - - [18/Oct/2025:07:37:02 +0000] "GET /api/notes/68f33b02cbb3da24f3fd5f43 HTTP/1.1" 404 2
::1 - - [18/Oct/2025:07:37:20 +0000] "GET /api/notes/68f34296cbb3da24f3fd5f67 HTTP/1.1" 200 170
::1 - - [18/Oct/2025:07:38:09 +0000] "DELETE /api/notes/68f34296cbb3da24f3fd5f67 HTTP/1.1" 200 170
::1 - - [24/Oct/2025:05:28:02 +0000] "POST /api/users/register HTTP/1.1" 201 57
::1 - - [24/Oct/2025:05:30:04 +0000] "POST /api/users/register HTTP/1.1" 201 56
::1 - - [24/Oct/2025:05:30:27 +0000] "POST /api/users/login HTTP/1.1" 400 25
::1 - - [24/Oct/2025:05:30:47 +0000] "POST /api/users/login HTTP/1.1" 400 25
::1 - - [24/Oct/2025:05:32:29 +0000] "POST /api/users/register HTTP/1.1" 201 56
::1 - - [24/Oct/2025:05:32:42 +0000] "POST /api/users/login HTTP/1.1" 400 25
::1 - - [24/Oct/2025:05:32:44 +0000] "POST /api/users/login HTTP/1.1" 400 25
::1 - - [24/Oct/2025:05:32:54 +0000] "POST /api/users/login HTTP/1.1" 400 25
::1 - - [24/Oct/2025:05:32:55 +0000] "POST /api/users/login HTTP/1.1" 400 25
::1 - - [24/Oct/2025:05:34:28 +0000] "POST /api/users/register HTTP/1.1" 201 57
::1 - - [24/Oct/2025:05:34:39 +0000] "POST /api/users/register HTTP/1.1" 201 56
::1 - - [24/Oct/2025:05:34:47 +0000] "POST /api/users/register HTTP/1.1" 201 56
::1 - - [24/Oct/2025:05:34:59 +0000] "POST /api/users/login HTTP/1.1" 400 25
::1 - - [24/Oct/2025:05:35:29 +0000] "POST /api/users/login HTTP/1.1" 400 25
::1 - - [24/Oct/2025:05:40:22 +0000] "POST /api/users/login HTTP/1.1" 400 25
::1 - - [24/Oct/2025:05:40:24 +0000] "POST /api/users/login HTTP/1.1" 400 25
::1 - - [24/Oct/2025:05:40:58 +0000] "POST /api/users/login HTTP/1.1" 400 25
::1 - - [24/Oct/2025:05:47:00 +0000] "POST /api/users/login HTTP/1.1" 400 25
::1 - - [24/Oct/2025:05:47:24 +0000] "POST /api/users/login HTTP/1.1" 400 25
::1 - - [24/Oct/2025:05:48:16 +0000] "POST /api/users/register HTTP/1.1" 201 57
::1 - - [24/Oct/2025:05:49:19 +0000] "POST /api/users/register HTTP/1.1" 201 176
::1 - - [24/Oct/2025:05:49:34 +0000] "POST /api/users/register HTTP/1.1" 201 174
::1 - - [24/Oct/2025:05:49:42 +0000] "POST /api/users/login HTTP/1.1" 200 208
::1 - - [24/Oct/2025:05:50:16 +0000] "GET /api/users/account HTTP/1.1" 200 102
::1 - - [24/Oct/2025:06:06:39 +0000] "GET /api/users/account HTTP/1.1" 401 36
::1 - - [24/Oct/2025:06:07:34 +0000] "GET /api/users/account HTTP/1.1" 401 36
::1 - - [24/Oct/2025:06:08:27 +0000] "POST /api/users/login HTTP/1.1" 200 208
::1 - - [24/Oct/2025:06:08:56 +0000] "GET /api/users/account HTTP/1.1" 401 36
::1 - - [24/Oct/2025:06:09:19 +0000] "POST /api/users/login HTTP/1.1" 200 207
::1 - - [24/Oct/2025:06:09:37 +0000] "GET /api/users/account HTTP/1.1" 401 36
::1 - - [24/Oct/2025:06:10:08 +0000] "GET /api/users/account HTTP/1.1" 200 100
::1 - - [24/Oct/2025:07:31:14 +0000] "GET /api/users/account/all HTTP/1.1" 401 23
::1 - - [24/Oct/2025:07:32:25 +0000] "GET /api/users/all HTTP/1.1" 404 152
::1 - - [24/Oct/2025:07:37:49 +0000] "GET /api/users/all HTTP/1.1" 404 152
::1 - - [24/Oct/2025:07:41:04 +0000] "GET /api/users/all HTTP/1.1" 401 23
::1 - - [24/Oct/2025:07:42:20 +0000] "GET /api/users/all HTTP/1.1" 401 23
::1 - - [24/Oct/2025:07:51:21 +0000] "GET /api/users/all HTTP/1.1" 401 23
::1 - - [24/Oct/2025:07:53:58 +0000] "GET /api/users/all HTTP/1.1" 401 23
::1 - - [24/Oct/2025:07:53:59 +0000] "GET /api/users/all HTTP/1.1" 401 23
::1 - - [24/Oct/2025:07:54:01 +0000] "GET /api/users/all HTTP/1.1" 401 23
::1 - - [24/Oct/2025:07:54:02 +0000] "GET /api/users/all HTTP/1.1" 401 23
::1 - - [24/Oct/2025:07:54:20 +0000] "GET /api/users/all HTTP/1.1" 401 23
::1 - - [24/Oct/2025:07:58:44 +0000] "GET /api/users/all HTTP/1.1" 401 23
::1 - - [24/Oct/2025:08:00:34 +0000] "POST /api/users/login HTTP/1.1" 200 208
::1 - - [25/Oct/2025:04:35:50 +0000] "GET /api/users/all HTTP/1.1" 500 32
::1 - - [25/Oct/2025:04:36:01 +0000] "POST /api/users/login HTTP/1.1" 200 208
::1 - - [25/Oct/2025:04:36:33 +0000] "GET /api/users/all HTTP/1.1" 500 32
::1 - - [25/Oct/2025:04:37:32 +0000] "GET /api/users/all HTTP/1.1" 200 358
::1 - - [17/Feb/2026:05:14:30 +0000] "OPTIONS /api/users/register HTTP/1.1" 200 4
::1 - - [17/Feb/2026:05:14:35 +0000] "OPTIONS /api/users/register HTTP/1.1" 200 4
::1 - - [17/Feb/2026:05:14:49 +0000] "OPTIONS /api/users/register HTTP/1.1" 200 4
::1 - - [17/Feb/2026:05:15:07 +0000] "OPTIONS /api/users/register HTTP/1.1" 200 4
::1 - - [17/Feb/2026:05:15:11 +0000] "OPTIONS /api/users/register HTTP/1.1" 200 4
::1 - - [17/Feb/2026:05:21:58 +0000] "POST /api/users/register HTTP/1.1" 400 31
::1 - - [17/Feb/2026:05:22:35 +0000] "POST /api/users/register HTTP/1.1" 400 31
::1 - - [17/Feb/2026:05:28:24 +0000] "POST /api/users/register HTTP/1.1" 400 31
::1 - - [17/Feb/2026:05:34:57 +0000] "POST /api/users/register HTTP/1.1" 400 31
::1 - - [17/Feb/2026:05:35:03 +0000] "POST /api/users/register HTTP/1.1" 400 31
::1 - - [17/Feb/2026:05:36:33 +0000] "POST /api/users/register HTTP/1.1" 400 31
::1 - - [17/Feb/2026:05:39:32 +0000] "POST /api/users/register HTTP/1.1" 400 31
::1 - - [17/Feb/2026:05:57:32 +0000] "POST /api/users/login HTTP/1.1" 400 28
::1 - - [17/Feb/2026:05:58:19 +0000] "POST /api/users/login HTTP/1.1" 400 28
::1 - - [17/Feb/2026:05:58:50 +0000] "POST /api/users/register HTTP/1.1" 201 175
::1 - - [17/Feb/2026:05:59:12 +0000] "POST /api/users/login HTTP/1.1" 200 207
::1 - - [17/Feb/2026:05:59:46 +0000] "POST /api/users/login HTTP/1.1" 200 207
::1 - - [17/Feb/2026:06:01:17 +0000] "POST /api/users/login HTTP/1.1" 200 207
::1 - - [17/Feb/2026:06:02:45 +0000] "POST /api/users/login HTTP/1.1" 200 207
::1 - - [17/Feb/2026:06:13:44 +0000] "POST /api/users/login HTTP/1.1" 400 28
::1 - - [17/Feb/2026:06:13:59 +0000] "POST /api/users/login HTTP/1.1" 200 207
::1 - - [17/Feb/2026:06:36:44 +0000] "POST /api/users/login HTTP/1.1" 200 207
::1 - - [17/Feb/2026:06:36:44 +0000] "GET /api/users/account HTTP/1.1" 200 101
::1 - - [17/Feb/2026:06:44:41 +0000] "POST /api/users/login HTTP/1.1" 200 207
::1 - - [17/Feb/2026:06:44:41 +0000] "GET /api/users/account HTTP/1.1" 304 -
::1 - - [17/Feb/2026:07:18:34 +0000] "POST /api/users/login HTTP/1.1" 200 207
::1 - - [17/Feb/2026:07:18:34 +0000] "GET /api/users/account HTTP/1.1" 304 -
::1 - - [17/Feb/2026:11:00:47 +0000] "GET /api/users/account HTTP/1.1" 304 -
::1 - - [17/Feb/2026:11:01:22 +0000] "POST /api/users/login HTTP/1.1" 200 207
::1 - - [17/Feb/2026:11:01:22 +0000] "GET /api/users/account HTTP/1.1" 304 -
::1 - - [17/Feb/2026:11:08:25 +0000] "POST /api/users/login HTTP/1.1" 200 207
::1 - - [17/Feb/2026:11:08:25 +0000] "GET /api/users/account HTTP/1.1" 304 -
::1 - - [17/Feb/2026:11:18:19 +0000] "POST /api/users/login HTTP/1.1" 200 207
::1 - - [17/Feb/2026:11:18:19 +0000] "GET /api/users/account HTTP/1.1" 304 -
::1 - - [17/Feb/2026:11:30:46 +0000] "GET /api/users/account HTTP/1.1" 304 -
::1 - - [19/Feb/2026:05:27:20 +0000] "POST /api/users/login HTTP/1.1" 400 28
::1 - - [19/Feb/2026:05:27:30 +0000] "POST /api/users/login HTTP/1.1" 400 28
::1 - - [19/Feb/2026:05:27:33 +0000] "POST /api/users/login HTTP/1.1" 400 28
::1 - - [19/Feb/2026:05:27:34 +0000] "POST /api/users/login HTTP/1.1" 400 28
::1 - - [19/Feb/2026:05:27:35 +0000] "POST /api/users/login HTTP/1.1" 400 28
::1 - - [19/Feb/2026:05:27:35 +0000] "POST /api/users/login HTTP/1.1" 400 28
::1 - - [19/Feb/2026:05:27:35 +0000] "POST /api/users/login HTTP/1.1" 400 28
::1 - - [19/Feb/2026:05:28:17 +0000] "POST /api/users/login HTTP/1.1" 200 207
::1 - - [19/Feb/2026:05:28:18 +0000] "GET /api/users/account HTTP/1.1" 304 -
::1 - - [19/Feb/2026:05:28:42 +0000] "GET /api/users/account HTTP/1.1" 304 -
::1 - - [19/Feb/2026:05:42:19 +0000] "POST /api/users/login HTTP/1.1" 200 207
::1 - - [19/Feb/2026:05:42:19 +0000] "GET /api/users/account HTTP/1.1" 304 -
::1 - - [19/Feb/2026:05:44:08 +0000] "GET /api/users/account HTTP/1.1" 304 -
::1 - - [19/Feb/2026:05:44:09 +0000] "GET /api/users/account HTTP/1.1" 304 -
::1 - - [19/Feb/2026:06:12:35 +0000] "GET /api/users/account HTTP/1.1" 304 -
::1 - - [19/Feb/2026:06:12:43 +0000] "GET /api/users/account HTTP/1.1" 304 -
::1 - - [19/Feb/2026:06:14:50 +0000] "POST /api/users/login HTTP/1.1" 200 207
::1 - - [19/Feb/2026:06:14:50 +0000] "GET /api/users/account HTTP/1.1" 304 -
::1 - - [19/Feb/2026:06:15:35 +0000] "GET /api/users/account HTTP/1.1" 304 -
::1 - - [19/Feb/2026:06:17:50 +0000] "GET /api/users/account HTTP/1.1" 304 -
::1 - - [19/Feb/2026:06:18:02 +0000] "GET /api/users/account HTTP/1.1" 304 -
::1 - - [19/Feb/2026:06:23:58 +0000] "POST /api/users/login HTTP/1.1" 200 207
::1 - - [19/Feb/2026:06:23:58 +0000] "GET /api/users/account HTTP/1.1" 304 -
::1 - - [19/Feb/2026:06:28:45 +0000] "GET /api/users/account HTTP/1.1" 304 -
::1 - - [19/Feb/2026:06:31:21 +0000] "GET /api/users/account HTTP/1.1" 304 -
::1 - - [19/Feb/2026:06:31:24 +0000] "GET /api/users/account HTTP/1.1" 304 -
::1 - - [19/Feb/2026:06:31:25 +0000] "GET /api/users/account HTTP/1.1" 304 -
::1 - - [19/Feb/2026:06:31:31 +0000] "GET /api/users/account HTTP/1.1" 304 -
::1 - - [19/Feb/2026:06:34:27 +0000] "GET /api/users/account HTTP/1.1" 304 -
::1 - - [19/Feb/2026:06:44:54 +0000] "GET /api/users/account HTTP/1.1" 304 -
::1 - - [19/Feb/2026:06:47:40 +0000] "GET /api/users/account HTTP/1.1" 304 -
::1 - - [19/Feb/2026:06:51:46 +0000] "GET /api/users/account HTTP/1.1" 304 -
::1 - - [19/Feb/2026:06:58:56 +0000] "GET /api/users/account HTTP/1.1" 304 -
::1 - - [19/Feb/2026:06:59:04 +0000] "GET /api/users/account HTTP/1.1" 304 -
::1 - - [19/Feb/2026:06:59:49 +0000] "GET /api/users/account HTTP/1.1" 304 -
::1 - - [19/Feb/2026:07:01:10 +0000] "GET /api/users/account HTTP/1.1" 304 -
::1 - - [19/Feb/2026:07:08:10 +0000] "GET /api/users/account HTTP/1.1" 304 -
::1 - - [19/Feb/2026:07:10:07 +0000] "GET /api/users/account HTTP/1.1" 304 -
::1 - - [19/Feb/2026:07:12:13 +0000] "POST /api/notes HTTP/1.1" 201 165
::1 - - [19/Feb/2026:07:12:17 +0000] "POST /api/notes HTTP/1.1" 201 165
::1 - - [19/Feb/2026:07:12:22 +0000] "POST /api/notes HTTP/1.1" 201 165
::1 - - [19/Feb/2026:07:13:28 +0000] "POST /api/notes HTTP/1.1" 201 171
::1 - - [19/Feb/2026:07:15:45 +0000] "POST /api/notes HTTP/1.1" 201 178
::1 - - [19/Feb/2026:07:20:07 +0000] "GET /api/users/account HTTP/1.1" 304 -
::1 - - [19/Feb/2026:07:35:48 +0000] "GET /api/users/account HTTP/1.1" 304 -
::1 - - [19/Feb/2026:07:44:43 +0000] "POST /api/notes HTTP/1.1" 201 180
::1 - - [19/Feb/2026:07:45:09 +0000] "POST /api/notes HTTP/1.1" 201 165
::1 - - [19/Feb/2026:08:09:07 +0000] "GET /api/users/account HTTP/1.1" 304 -
::1 - - [21/Feb/2026:04:51:38 +0000] "GET /api/users/account HTTP/1.1" 304 -
::1 - - [21/Feb/2026:04:59:06 +0000] "GET /api/users/account HTTP/1.1" 304 -
::1 - - [21/Feb/2026:04:59:11 +0000] "GET /api/users/account HTTP/1.1" 304 -
::1 - - [21/Feb/2026:05:00:28 +0000] "GET /api/users/account HTTP/1.1" 304 -
::1 - - [21/Feb/2026:05:01:07 +0000] "GET /api/users/account HTTP/1.1" 304 -
::1 - - [21/Feb/2026:05:01:25 +0000] "GET /api/users/account HTTP/1.1" 304 -
::ffff:127.0.0.1 - - [21/Feb/2026:05:01:33 +0000] "GET /api/users/account HTTP/1.1" 304 -
::1 - - [21/Feb/2026:05:03:50 +0000] "GET /api/users/account HTTP/1.1" 304 -
::1 - - [21/Feb/2026:05:04:05 +0000] "GET /api/users/account HTTP/1.1" 304 -
::1 - - [21/Feb/2026:05:04:30 +0000] "GET /api/users/account HTTP/1.1" 304 -
::1 - - [21/Feb/2026:05:04:43 +0000] "GET /api/users/account HTTP/1.1" 304 -
::1 - - [21/Feb/2026:05:04:58 +0000] "GET /api/users/account HTTP/1.1" 304 -
::1 - - [21/Feb/2026:05:05:18 +0000] "GET /api/users/account HTTP/1.1" 304 -
::1 - - [21/Feb/2026:05:08:13 +0000] "GET /api/users/account HTTP/1.1" 304 -
::1 - - [21/Feb/2026:05:08:27 +0000] "GET /api/users/account HTTP/1.1" 304 -
::1 - - [21/Feb/2026:05:08:47 +0000] "POST /api/users/login HTTP/1.1" 200 207
::1 - - [21/Feb/2026:05:08:47 +0000] "GET /api/users/account HTTP/1.1" 304 -
::1 - - [21/Feb/2026:05:09:20 +0000] "GET /api/notes HTTP/1.1" 200 533
::1 - - [21/Feb/2026:05:09:53 +0000] "GET /api/users/account HTTP/1.1" 304 -
::1 - - [21/Feb/2026:05:10:03 +0000] "GET /api/notes HTTP/1.1" 304 -
::1 - - [21/Feb/2026:05:11:09 +0000] "GET /api/users/account HTTP/1.1" 304 -
::1 - - [21/Feb/2026:05:11:12 +0000] "GET /api/notes HTTP/1.1" 304 -
::1 - - [21/Feb/2026:05:11:55 +0000] "GET /api/notes HTTP/1.1" 304 -
::1 - - [21/Feb/2026:05:12:50 +0000] "GET /api/notes HTTP/1.1" 304 -
::1 - - [21/Feb/2026:05:13:25 +0000] "GET /api/notes HTTP/1.1" 304 -
::1 - - [21/Feb/2026:05:13:47 +0000] "GET /api/notes HTTP/1.1" 304 -
::1 - - [21/Feb/2026:05:14:04 +0000] "GET /api/users/account HTTP/1.1" 304 -
::1 - - [21/Feb/2026:05:14:04 +0000] "GET /api/notes HTTP/1.1" 304 -
::1 - - [21/Feb/2026:05:14:16 +0000] "GET /api/notes HTTP/1.1" 304 -
::1 - - [21/Feb/2026:05:14:59 +0000] "GET /api/users/account HTTP/1.1" 304 -
::1 - - [21/Feb/2026:05:15:51 +0000] "GET /api/notes HTTP/1.1" 304 -
::1 - - [21/Feb/2026:05:16:04 +0000] "GET /api/notes HTTP/1.1" 304 -
::1 - - [21/Feb/2026:05:18:36 +0000] "GET /api/users/account HTTP/1.1" 304 -
::1 - - [21/Feb/2026:05:22:07 +0000] "GET /api/users/account HTTP/1.1" 304 -
::1 - - [21/Feb/2026:05:29:44 +0000] "POST /api/users/login HTTP/1.1" 200 207
::1 - - [21/Feb/2026:05:29:44 +0000] "GET /api/users/account HTTP/1.1" 304 -
::1 - - [21/Feb/2026:05:36:15 +0000] "GET /api/users/account HTTP/1.1" 304 -
::1 - - [21/Feb/2026:05:36:16 +0000] "GET /api/users/account HTTP/1.1" 304 -
::1 - - [21/Feb/2026:05:43:26 +0000] "GET /api/notes HTTP/1.1" 304 -
::1 - - [21/Feb/2026:05:43:35 +0000] "DELETE /api/notes/6996b81893db2fbfc7efae14 HTTP/1.1" 200 171
::1 - - [21/Feb/2026:05:43:57 +0000] "POST /api/notes HTTP/1.1" 201 196
::1 - - [21/Feb/2026:05:47:15 +0000] "GET /api/notes HTTP/1.1" 200 558
::1 - - [21/Feb/2026:05:57:07 +0000] "GET /api/users/account HTTP/1.1" 304 -
::1 - - [21/Feb/2026:05:57:10 +0000] "GET /api/notes HTTP/1.1" 304 -
::1 - - [21/Feb/2026:05:58:14 +0000] "PUT /api/notes/6996b8a193db2fbfc7efae16 HTTP/1.1" 200 198
::1 - - [21/Feb/2026:05:58:16 +0000] "GET /api/notes HTTP/1.1" 200 578
::1 - - [21/Feb/2026:06:00:08 +0000] "DELETE /api/notes/6996b8a193db2fbfc7efae16 HTTP/1.1" 200 198
::1 - - [21/Feb/2026:06:00:17 +0000] "PUT /api/notes/6999461d21a992915e2f2c46 HTTP/1.1" 200 196
::1 - - [21/Feb/2026:06:00:19 +0000] "GET /api/notes HTTP/1.1" 200 379
::1 - - [21/Feb/2026:06:00:53 +0000] "POST /api/notes HTTP/1.1" 201 207
::1 - - [21/Feb/2026:06:00:57 +0000] "GET /api/notes HTTP/1.1" 200 587
::1 - - [21/Feb/2026:06:03:00 +0000] "GET /api/users/account HTTP/1.1" 304 -
::1 - - [21/Feb/2026:06:03:02 +0000] "GET /api/notes HTTP/1.1" 304 -
::1 - - [21/Feb/2026:06:07:47 +0000] "GET /api/notes HTTP/1.1" 304 -
::1 - - [21/Feb/2026:06:14:42 +0000] "GET /api/users/account HTTP/1.1" 304 -
::1 - - [21/Feb/2026:06:14:42 +0000] "GET /api/notes HTTP/1.1" 304 -
::1 - - [21/Feb/2026:06:14:47 +0000] "GET /api/users/account HTTP/1.1" 304 -
::1 - - [21/Feb/2026:06:14:47 +0000] "GET /api/notes HTTP/1.1" 304 -
::1 - - [21/Feb/2026:06:14:48 +0000] "GET /api/users/account HTTP/1.1" 304 -
::1 - - [21/Feb/2026:06:14:48 +0000] "GET /api/notes HTTP/1.1" 304 -
::1 - - [21/Feb/2026:06:15:08 +0000] "PUT /api/notes/6999461d21a992915e2f2c46 HTTP/1.1" 200 200
::1 - - [21/Feb/2026:06:15:10 +0000] "GET /api/notes HTTP/1.1" 200 591
::1 - - [21/Feb/2026:06:15:10 +0000] "GET /api/users/account HTTP/1.1" 304 -
::1 - - [21/Feb/2026:06:15:10 +0000] "GET /api/notes HTTP/1.1" 304 -
::1 - - [21/Feb/2026:06:15:12 +0000] "GET /api/users/account HTTP/1.1" 304 -
::1 - - [21/Feb/2026:06:15:12 +0000] "GET /api/notes HTTP/1.1" 304 -
::1 - - [21/Feb/2026:06:15:13 +0000] "GET /api/users/account HTTP/1.1" 304 -
::1 - - [21/Feb/2026:06:15:13 +0000] "GET /api/notes HTTP/1.1" 304 -
::1 - - [21/Feb/2026:06:16:20 +0000] "GET /api/notes HTTP/1.1" 304 -
::1 - - [21/Feb/2026:06:16:36 +0000] "GET /api/users/account HTTP/1.1" 304 -
::1 - - [21/Feb/2026:06:16:36 +0000] "GET /api/notes HTTP/1.1" 304 -
::1 - - [21/Feb/2026:06:17:15 +0000] "GET /api/notes HTTP/1.1" 304 -
::1 - - [21/Feb/2026:06:17:49 +0000] "GET /api/notes HTTP/1.1" 304 -
::1 - - [21/Feb/2026:06:17:54 +0000] "GET /api/users/account HTTP/1.1" 304 -
::1 - - [21/Feb/2026:06:17:54 +0000] "GET /api/notes HTTP/1.1" 304 -
::1 - - [21/Feb/2026:06:18:21 +0000] "GET /api/notes HTTP/1.1" 304 -
::1 - - [21/Feb/2026:06:18:40 +0000] "GET /api/notes HTTP/1.1" 304 -
::1 - - [21/Feb/2026:06:19:04 +0000] "GET /api/notes HTTP/1.1" 304 -
::1 - - [21/Feb/2026:06:20:01 +0000] "GET /api/notes HTTP/1.1" 304 -
::1 - - [21/Feb/2026:06:20:36 +0000] "POST /api/users/login HTTP/1.1" 200 207
::1 - - [21/Feb/2026:06:20:36 +0000] "GET /api/users/account HTTP/1.1" 304 -
::1 - - [21/Feb/2026:06:20:40 +0000] "GET /api/notes HTTP/1.1" 304 -
::1 - - [21/Feb/2026:06:21:32 +0000] "GET /api/notes HTTP/1.1" 304 -
::1 - - [21/Feb/2026:06:22:09 +0000] "GET /api/notes HTTP/1.1" 304 -
::1 - - [21/Feb/2026:06:23:49 +0000] "GET /api/notes HTTP/1.1" 304 -
::1 - - [21/Feb/2026:06:24:31 +0000] "GET /api/notes HTTP/1.1" 304 -
::1 - - [21/Feb/2026:06:26:43 +0000] "GET /api/notes HTTP/1.1" 304 -
::1 - - [21/Feb/2026:06:27:08 +0000] "GET /api/notes HTTP/1.1" 304 -
::1 - - [21/Feb/2026:06:27:58 +0000] "GET /api/notes HTTP/1.1" 304 -
::1 - - [21/Feb/2026:06:28:25 +0000] "GET /api/notes HTTP/1.1" 304 -
::1 - - [21/Feb/2026:06:30:22 +0000] "GET /api/notes HTTP/1.1" 304 -
::1 - - [21/Feb/2026:06:30:26 +0000] "GET /api/notes HTTP/1.1" 304 -
::1 - - [21/Feb/2026:06:30:43 +0000] "DELETE /api/notes/6999461d21a992915e2f2c46 HTTP/1.1" 200 200
::1 - - [21/Feb/2026:06:30:47 +0000] "DELETE /api/notes/69994a1521a992915e2f2c50 HTTP/1.1" 200 207
::1 - - [21/Feb/2026:06:30:50 +0000] "GET /api/users/account HTTP/1.1" 304 -
::1 - - [21/Feb/2026:06:30:50 +0000] "GET /api/notes HTTP/1.1" 200 182
::1 - - [21/Feb/2026:06:30:51 +0000] "GET /api/users/account HTTP/1.1" 304 -
::1 - - [21/Feb/2026:06:30:51 +0000] "GET /api/notes HTTP/1.1" 304 -
::1 - - [21/Feb/2026:06:30:58 +0000] "GET /api/notes HTTP/1.1" 304 -
::1 - - [21/Feb/2026:06:33:18 +0000] "GET /api/notes HTTP/1.1" 304 -
::1 - - [21/Feb/2026:06:33:37 +0000] "GET /api/notes HTTP/1.1" 304 -
::1 - - [21/Feb/2026:06:34:03 +0000] "GET /api/notes HTTP/1.1" 304 -
::1 - - [21/Feb/2026:06:36:22 +0000] "GET /api/notes HTTP/1.1" 304 -
::1 - - [21/Feb/2026:06:37:58 +0000] "GET /api/notes HTTP/1.1" 304 -
::1 - - [21/Feb/2026:06:38:11 +0000] "GET /api/users/account HTTP/1.1" 304 -
::1 - - [21/Feb/2026:06:38:11 +0000] "GET /api/notes HTTP/1.1" 304 -
::1 - - [21/Feb/2026:06:54:11 +0000] "GET /api/users/account HTTP/1.1" 304 -
::1 - - [21/Feb/2026:06:54:11 +0000] "GET /api/notes HTTP/1.1" 304 -
::1 - - [21/Feb/2026:06:56:43 +0000] "GET /api/notes HTTP/1.1" 304 -
::1 - - [21/Feb/2026:06:57:16 +0000] "GET /api/notes HTTP/1.1" 304 -
::1 - - [21/Feb/2026:07:14:42 +0000] "GET /api/users/account HTTP/1.1" 304 -
::1 - - [21/Feb/2026:07:14:42 +0000] "GET /api/notes HTTP/1.1" 304 -
::1 - - [21/Feb/2026:07:15:17 +0000] "GET /api/notes HTTP/1.1" 304 -
::1 - - [21/Feb/2026:07:15:32 +0000] "GET /api/notes HTTP/1.1" 304 -
::1 - - [21/Feb/2026:07:18:25 +0000] "GET /api/notes HTTP/1.1" 304 -
::1 - - [21/Feb/2026:07:30:02 +0000] "GET /api/notes HTTP/1.1" 304 -
::1 - - [21/Feb/2026:07:30:23 +0000] "GET /api/notes HTTP/1.1" 304 -
::1 - - [21/Feb/2026:07:32:19 +0000] "GET /api/notes HTTP/1.1" 304 -
::1 - - [21/Feb/2026:07:32:27 +0000] "GET /api/notes HTTP/1.1" 304 -
::1 - - [21/Feb/2026:07:32:32 +0000] "GET /api/notes HTTP/1.1" 304 -
::1 - - [21/Feb/2026:07:33:00 +0000] "GET /api/users/account HTTP/1.1" 304 -
::1 - - [21/Feb/2026:07:33:00 +0000] "GET /api/notes HTTP/1.1" 304 -
::1 - - [21/Feb/2026:07:35:08 +0000] "GET /api/notes HTTP/1.1" 304 -
::1 - - [21/Feb/2026:07:35:08 +0000] "GET /api/notes HTTP/1.1" 304 -
::1 - - [21/Feb/2026:07:35:34 +0000] "GET /api/notes HTTP/1.1" 304 -
::1 - - [21/Feb/2026:07:35:34 +0000] "GET /api/notes HTTP/1.1" 304 -
::1 - - [21/Feb/2026:07:39:17 +0000] "GET /api/notes HTTP/1.1" 304 -
::1 - - [21/Feb/2026:07:39:17 +0000] "GET /api/notes HTTP/1.1" 304 -
::1 - - [21/Feb/2026:07:39:28 +0000] "GET /api/users/account HTTP/1.1" 304 -
::1 - - [21/Feb/2026:07:39:28 +0000] "GET /api/notes HTTP/1.1" 304 -
::1 - - [21/Feb/2026:07:39:34 +0000] "GET /api/users/account HTTP/1.1" 304 -
::1 - - [21/Feb/2026:07:39:34 +0000] "GET /api/notes HTTP/1.1" 304 -
::1 - - [21/Feb/2026:08:05:23 +0000] "GET /api/users/account HTTP/1.1" 304 -
::1 - - [21/Feb/2026:08:05:23 +0000] "GET /api/notes HTTP/1.1" 304 -
::1 - - [21/Feb/2026:08:05:36 +0000] "DELETE /api/notes/6996bf6b6bbd19c082b9211a HTTP/1.1" 200 180
::1 - - [23/Feb/2026:05:33:23 +0000] "POST /api/users/login HTTP/1.1" 200 207
::1 - - [23/Feb/2026:05:33:23 +0000] "GET /api/users/account HTTP/1.1" 304 -
::1 - - [23/Feb/2026:05:33:42 +0000] "GET /api/notes HTTP/1.1" 200 2
::1 - - [23/Feb/2026:06:45:35 +0000] "GET /api/notes HTTP/1.1" 304 -
::1 - - [23/Feb/2026:06:45:53 +0000] "POST /api/users/login HTTP/1.1" 200 207
::1 - - [23/Feb/2026:06:45:53 +0000] "GET /api/users/account HTTP/1.1" 304 -
::1 - - [23/Feb/2026:07:05:03 +0000] "GET /api/users/account HTTP/1.1" 304 -
